<?xml version="1.0" encoding="UTF-8"?>
<testng-results ignored="0" total="1" passed="1" failed="0" skipped="0">
  <reporter-output>
  </reporter-output>
  <suite started-at="2024-11-11T16:34:27 IST" name="MySuite" finished-at="2024-11-11T16:34:55 IST" duration-ms="27972">
    <groups>
      <group name="sanity">
        <method signature="VerifyLoginTest.verify_login()[pri:0, instance:testcases.VerifyLoginTest@41dd05a]" name="verify_login" class="testcases.VerifyLoginTest"/>
      </group> <!-- sanity -->
    </groups>
    <test started-at="2024-11-11T16:34:27 IST" name="Test" finished-at="2024-11-11T16:34:55 IST" duration-ms="27972">
      <class name="testcases.VerifyLoginTest">
        <test-method is-config="true" signature="setUp(java.lang.String)[pri:0, instance:testcases.VerifyLoginTest@41dd05a]" started-at="2024-11-11T16:34:27 IST" name="setUp" finished-at="2024-11-11T16:34:45 IST" duration-ms="17749" status="PASS">
          <params>
            <param index="0">
              <value>
                <![CDATA[chrome]]>
              </value>
            </param>
          </params>
          <reporter-output>
          </reporter-output>
        </test-method> <!-- setUp -->
        <test-method signature="verify_login()[pri:0, instance:testcases.VerifyLoginTest@41dd05a]" started-at="2024-11-11T16:34:45 IST" name="verify_login" finished-at="2024-11-11T16:34:52 IST" duration-ms="7530" status="PASS">
          <reporter-output>
          </reporter-output>
        </test-method> <!-- verify_login -->
        <test-method is-config="true" signature="tearDown()[pri:0, instance:testcases.VerifyLoginTest@41dd05a]" started-at="2024-11-11T16:34:52 IST" name="tearDown" finished-at="2024-11-11T16:34:55 IST" duration-ms="2281" status="PASS">
          <reporter-output>
          </reporter-output>
        </test-method> <!-- tearDown -->
      </class> <!-- testcases.VerifyLoginTest -->
    </test> <!-- Test -->
  </suite> <!-- MySuite -->
</testng-results>
